2018-05-03 00:20:54 +0000  Initial pipeline context: <IDEDistributionProcessingPipelineContext: 0x7fe5c7945250; archive(resolved)='<IDEArchive: 0x7fe5bd02aef0>', distributionTask(resolved)='2', distributionMethod(resolved)='<IDEDistributionMethodAdHoc: 0x7fe5c6c921b0>', team(resolved)='<IDEProvisioningBasicTeam 0x7fe5c8202030: teamID: NRNTNSEDXC, teamName: Erik Sundell>'>
	Chain (11, self inclusive):
	<IDEDistributionProcessingPipelineContext: 0x7fe5c7945250; archive = '<IDEArchive: 0x7fe5bd02aef0>', distributionMethod='<IDEDistributionMethodAdHoc: 0x7fe5c6c921b0>', team='<IDEProvisioningBasicTeam 0x7fe5c8202030: teamID: NRNTNSEDXC, teamName: Erik Sundell>'>
	<IDEDistributionProcessingPipelineContext: 0x7fe5c6e633e0; archive = '<IDEArchive: 0x7fe5bd02aef0>', distributionMethod='<IDEDistributionMethodAdHoc: 0x7fe5c6c921b0>', team='<IDEProvisioningBasicTeam 0x7fe5c8202030: teamID: NRNTNSEDXC, teamName: Erik Sundell>'>
	<IDEDistributionContext: 0x7fe5c74db700; archive = '<IDEArchive: 0x7fe5bd02aef0>', distributionMethod='<IDEDistributionMethodAdHoc: 0x7fe5c6c921b0>', team='<IDEProvisioningBasicTeam 0x7fe5c8202030: teamID: NRNTNSEDXC, teamName: Erik Sundell>'>
	<IDEDistributionContext: 0x7fe5c6ec2e20; archive = '<IDEArchive: 0x7fe5bd02aef0>', distributionMethod='<IDEDistributionMethodAdHoc: 0x7fe5c6c921b0>', team='<IDEProvisioningBasicTeam 0x7fe5c8202030: teamID: NRNTNSEDXC, teamName: Erik Sundell>'>
	<IDEDistributionContext: 0x7fe5c7c85f50; archive = '<IDEArchive: 0x7fe5bd02aef0>', distributionMethod='<IDEDistributionMethodAdHoc: 0x7fe5c6c921b0>', team='<IDEProvisioningBasicTeam 0x7fe5c8202030: teamID: NRNTNSEDXC, teamName: Erik Sundell>'>
	<IDEDistributionContext: 0x7fe5c6974780; archive = '<IDEArchive: 0x7fe5bd02aef0>', distributionMethod='<IDEDistributionMethodAdHoc: 0x7fe5c6c921b0>', team='<IDEProvisioningBasicTeam 0x7fe5c8202030: teamID: NRNTNSEDXC, teamName: Erik Sundell>'>
	<IDEDistributionContext: 0x7fe5c77db620; archive = '<IDEArchive: 0x7fe5bd02aef0>', distributionMethod='<IDEDistributionMethodAdHoc: 0x7fe5c6c921b0>', team='<IDEProvisioningBasicTeam 0x7fe5c8202030: teamID: NRNTNSEDXC, teamName: Erik Sundell>'>
	<IDEDistributionContext: 0x7fe5c7424f50; archive = '<IDEArchive: 0x7fe5bd02aef0>', distributionMethod='<IDEDistributionMethodAdHoc: 0x7fe5c6c921b0>', team='<IDEProvisioningBasicTeam 0x7fe5c8202030: teamID: NRNTNSEDXC, teamName: Erik Sundell>'>
	<IDEDistributionContext: 0x7fe5c70cdde0; archive = '<IDEArchive: 0x7fe5bd02aef0>', distributionMethod='<IDEDistributionMethodAdHoc: 0x7fe5c6c921b0>', team='<IDEProvisioningBasicTeam 0x7fe5c8202030: teamID: NRNTNSEDXC, teamName: Erik Sundell>'>
	<IDEDistributionContext: 0x7fe5c74f5440; archive = '<IDEArchive: 0x7fe5bd02aef0>', distributionMethod='<IDEDistributionMethodAdHoc: 0x7fe5c6c921b0>', team='(null)'>
	<IDEDistributionContext: 0x7fe5c7146040; archive = '<IDEArchive: 0x7fe5bd02aef0>', distributionMethod='(null)', team='(null)'>
</IDEDistributionProcessingPipelineContext: 0x7fe5c7945250>
2018-05-03 00:20:54 +0000  Processing step: IDEDistributionCreateDestRootStep
2018-05-03 00:20:54 +0000  Processing step: IDEDistributionCopyItemStep
2018-05-03 00:20:54 +0000  Running /usr/bin/ditto '-V' '/Users/eriksundell/Library/Developer/Xcode/Archives/2018-05-03/sea-pilot-app 2018-05-03 02.16.xcarchive/Products/Applications/sea-pilot-app.app' '/var/folders/c0/_xd_ys3d3cd59kn8f9yt45y00000gn/T/XcodeDistPipeline.00Q/Root/Payload/sea-pilot-app.app'
2018-05-03 00:20:54 +0000  >>> Copying /Users/eriksundell/Library/Developer/Xcode/Archives/2018-05-03/sea-pilot-app 2018-05-03 02.16.xcarchive/Products/Applications/sea-pilot-app.app 
2018-05-03 00:20:54 +0000  
2018-05-03 00:20:54 +0000  copying file ./_CodeSignature/CodeResources ... 
2018-05-03 00:20:54 +0000  27901 bytes for ./_CodeSignature/CodeResources
2018-05-03 00:20:54 +0000  copying file ./AppIcon60x60@2x.png ... 
2018-05-03 00:20:54 +0000  14152 bytes for ./AppIcon60x60@2x.png
2018-05-03 00:20:54 +0000  copying file ./AppIcon76x76@2x~ipad.png ... 
2018-05-03 00:20:54 +0000  16629 bytes for ./AppIcon76x76@2x~ipad.png
2018-05-03 00:20:54 +0000  copying file ./archived-expanded-entitlements.xcent ... 
2018-05-03 00:20:54 +0000  181 bytes for ./archived-expanded-entitlements.xcent
2018-05-03 00:20:54 +0000  copying file ./Assets.car ... 
2018-05-03 00:20:54 +0000  213192 bytes for ./Assets.car
2018-05-03 00:20:54 +0000  copying file ./CDVLaunchScreen.storyboardc/01J-lp-oVM-view-Ze5-6b-2t3.nib ... 
2018-05-03 00:20:54 +0000  2283 bytes for ./CDVLaunchScreen.storyboardc/01J-lp-oVM-view-Ze5-6b-2t3.nib
2018-05-03 00:20:54 +0000  copying file ./CDVLaunchScreen.storyboardc/Info.plist ... 
2018-05-03 00:20:54 +0000  258 bytes for ./CDVLaunchScreen.storyboardc/Info.plist
2018-05-03 00:20:54 +0000  copying file ./CDVLaunchScreen.storyboardc/UIViewController-01J-lp-oVM.nib ... 
2018-05-03 00:20:54 +0000  832 bytes for ./CDVLaunchScreen.storyboardc/UIViewController-01J-lp-oVM.nib
2018-05-03 00:20:54 +0000  copying file ./config.xml ... 
2018-05-03 00:20:54 +0000  2893 bytes for ./config.xml
2018-05-03 00:20:54 +0000  copying file ./embedded.mobileprovision ... 
2018-05-03 00:20:54 +0000  7642 bytes for ./embedded.mobileprovision
2018-05-03 00:20:54 +0000  copying file ./Info.plist ... 
2018-05-03 00:20:54 +0000  2067 bytes for ./Info.plist
copying file ./LaunchImage-568h@2x.png ... 
2018-05-03 00:20:54 +0000  61990 bytes for ./LaunchImage-568h@2x.png
2018-05-03 00:20:54 +0000  copying file ./LaunchImage-700-568h@2x.png ... 
2018-05-03 00:20:54 +0000  61990 bytes for ./LaunchImage-700-568h@2x.png
2018-05-03 00:20:54 +0000  copying file ./LaunchImage-700-Landscape@2x~ipad.png ... 
2018-05-03 00:20:54 +0000  161722 bytes for ./LaunchImage-700-Landscape@2x~ipad.png
2018-05-03 00:20:54 +0000  copying file ./LaunchImage-700-Landscape~ipad.png ... 
2018-05-03 00:20:54 +0000  76512 bytes for ./LaunchImage-700-Landscape~ipad.png
2018-05-03 00:20:54 +0000  copying file ./LaunchImage-700-Portrait@2x~ipad.png ... 
2018-05-03 00:20:54 +0000  154923 bytes for ./LaunchImage-700-Portrait@2x~ipad.png
copying file ./LaunchImage-700-Portrait~ipad.png ... 
2018-05-03 00:20:54 +0000  74890 bytes for ./LaunchImage-700-Portrait~ipad.png
2018-05-03 00:20:54 +0000  copying file ./LaunchImage-700@2x.png ... 
2018-05-03 00:20:54 +0000  55319 bytes for ./LaunchImage-700@2x.png
copying file ./LaunchImage-800-667h@2x.png ... 
2018-05-03 00:20:54 +0000  52100 bytes for ./LaunchImage-800-667h@2x.png
2018-05-03 00:20:54 +0000  copying file ./LaunchImage-800-Landscape-736h@3x.png ... 
2018-05-03 00:20:54 +0000  63597 bytes for ./LaunchImage-800-Landscape-736h@3x.png
2018-05-03 00:20:54 +0000  copying file ./LaunchImage-800-Portrait-736h@3x.png ... 
2018-05-03 00:20:54 +0000  62285 bytes for ./LaunchImage-800-Portrait-736h@3x.png
2018-05-03 00:20:54 +0000  copying file ./LaunchImage-Landscape@2x~ipad.png ... 
2018-05-03 00:20:54 +0000  161722 bytes for ./LaunchImage-Landscape@2x~ipad.png
2018-05-03 00:20:54 +0000  copying file ./LaunchImage-Landscape~ipad.png ... 
2018-05-03 00:20:54 +0000  76512 bytes for ./LaunchImage-Landscape~ipad.png
2018-05-03 00:20:54 +0000  copying file ./LaunchImage-Portrait@2x~ipad.png ... 
2018-05-03 00:20:54 +0000  154923 bytes for ./LaunchImage-Portrait@2x~ipad.png
2018-05-03 00:20:54 +0000  copying file ./LaunchImage-Portrait~ipad.png ... 
2018-05-03 00:20:54 +0000  74890 bytes for ./LaunchImage-Portrait~ipad.png
copying file ./LaunchImage.png ... 
2018-05-03 00:20:54 +0000  20021 bytes for ./LaunchImage.png
2018-05-03 00:20:54 +0000  copying file ./LaunchImage@2x.png ... 
2018-05-03 00:20:54 +0000  55319 bytes for ./LaunchImage@2x.png
copying file ./MainViewController.nib ... 
2018-05-03 00:20:54 +0000  943 bytes for ./MainViewController.nib
copying file ./PkgInfo ... 
2018-05-03 00:20:54 +0000  8 bytes for ./PkgInfo
2018-05-03 00:20:54 +0000  copying file ./sea-pilot-app ... 
2018-05-03 00:20:54 +0000  274416 bytes for ./sea-pilot-app
2018-05-03 00:20:54 +0000  copying file ./www/cordova-js-src/exec.js ... 
2018-05-03 00:20:54 +0000  8877 bytes for ./www/cordova-js-src/exec.js
2018-05-03 00:20:54 +0000  copying file ./www/cordova-js-src/platform.js ... 
2018-05-03 00:20:54 +0000  1168 bytes for ./www/cordova-js-src/platform.js
2018-05-03 00:20:54 +0000  copying file ./www/cordova-js-src/plugin/ios/console.js ... 
2018-05-03 00:20:54 +0000  6822 bytes for ./www/cordova-js-src/plugin/ios/console.js
2018-05-03 00:20:54 +0000  copying file ./www/cordova-js-src/plugin/ios/logger.js ... 
2018-05-03 00:20:54 +0000  10233 bytes for ./www/cordova-js-src/plugin/ios/logger.js
2018-05-03 00:20:54 +0000  copying file ./www/cordova.js ... 
2018-05-03 00:20:54 +0000  78044 bytes for ./www/cordova.js
2018-05-03 00:20:54 +0000  copying file ./www/cordova_plugins.js ... 
2018-05-03 00:20:54 +0000  1004 bytes for ./www/cordova_plugins.js
2018-05-03 00:20:54 +0000  copying file ./www/css/app.954b79aa9a6109c975e54aebc0d68e2e.css ... 
2018-05-03 00:20:54 +0000  253417 bytes for ./www/css/app.954b79aa9a6109c975e54aebc0d68e2e.css
2018-05-03 00:20:54 +0000  copying file ./www/css/app.954b79aa9a6109c975e54aebc0d68e2e.css.map ... 
2018-05-03 00:20:54 +0000  423946 bytes for ./www/css/app.954b79aa9a6109c975e54aebc0d68e2e.css.map
2018-05-03 00:20:54 +0000  copying file ./www/img/icons/android-chrome-192x192.png ... 
2018-05-03 00:20:54 +0000  15624 bytes for ./www/img/icons/android-chrome-192x192.png
2018-05-03 00:20:54 +0000  copying file ./www/img/icons/android-chrome-512x512.png ... 
2018-05-03 00:20:54 +0000  70697 bytes for ./www/img/icons/android-chrome-512x512.png
2018-05-03 00:20:54 +0000  copying file ./www/img/icons/android-chrome-96x96.png ... 
2018-05-03 00:20:54 +0000  4709 bytes for ./www/img/icons/android-chrome-96x96.png
2018-05-03 00:20:54 +0000  copying file ./www/img/icons/apple-touch-icon-120x120.png ... 
2018-05-03 00:20:54 +0000  4297 bytes for ./www/img/icons/apple-touch-icon-120x120.png
2018-05-03 00:20:54 +0000  copying file ./www/img/icons/apple-touch-icon-152x152.png ... 
2018-05-03 00:20:54 +0000  5627 bytes for ./www/img/icons/apple-touch-icon-152x152.png
2018-05-03 00:20:54 +0000  copying file ./www/img/icons/apple-touch-icon-180x180.png ... 
2018-05-03 00:20:54 +0000  6624 bytes for ./www/img/icons/apple-touch-icon-180x180.png
copying file ./www/img/icons/apple-touch-icon-60x60.png ... 
2018-05-03 00:20:54 +0000  2076 bytes for ./www/img/icons/apple-touch-icon-60x60.png
2018-05-03 00:20:54 +0000  copying file ./www/img/icons/apple-touch-icon-76x76.png ... 
2018-05-03 00:20:54 +0000  2391 bytes for ./www/img/icons/apple-touch-icon-76x76.png
copying file ./www/img/icons/apple-touch-icon.png ... 
2018-05-03 00:20:54 +0000  7205 bytes for ./www/img/icons/apple-touch-icon.png
copying file ./www/img/icons/favicon-16x16.png ... 
2018-05-03 00:20:54 +0000  1166 bytes for ./www/img/icons/favicon-16x16.png
2018-05-03 00:20:54 +0000  copying file ./www/img/icons/favicon-32x32.png ... 
2018-05-03 00:20:54 +0000  1608 bytes for ./www/img/icons/favicon-32x32.png
2018-05-03 00:20:54 +0000  copying file ./www/img/icons/favicon.ico ... 
2018-05-03 00:20:54 +0000  15086 bytes for ./www/img/icons/favicon.ico
2018-05-03 00:20:54 +0000  copying file ./www/img/icons/msapplication-icon-144x144.png ... 
2018-05-03 00:20:54 +0000  9122 bytes for ./www/img/icons/msapplication-icon-144x144.png
2018-05-03 00:20:54 +0000  copying file ./www/img/icons/mstile-150x150.png ... 
2018-05-03 00:20:54 +0000  7641 bytes for ./www/img/icons/mstile-150x150.png
2018-05-03 00:20:54 +0000  copying file ./www/img/icons/safari-pinned-tab.svg ... 
2018-05-03 00:20:54 +0000  1288 bytes for ./www/img/icons/safari-pinned-tab.svg
2018-05-03 00:20:54 +0000  copying file ./www/img/v.png ... 
2018-05-03 00:20:54 +0000  5674 bytes for ./www/img/v.png
2018-05-03 00:20:54 +0000  copying file ./www/img/weather/1.png ... 
2018-05-03 00:20:54 +0000  4585 bytes for ./www/img/weather/1.png
copying file ./www/img/weather/10.png ... 
2018-05-03 00:20:54 +0000  5869 bytes for ./www/img/weather/10.png
2018-05-03 00:20:54 +0000  copying file ./www/img/weather/11.png ... 
2018-05-03 00:20:54 +0000  6277 bytes for ./www/img/weather/11.png
2018-05-03 00:20:54 +0000  copying file ./www/img/weather/12.png ... 
2018-05-03 00:20:54 +0000  4616 bytes for ./www/img/weather/12.png
2018-05-03 00:20:54 +0000  copying file ./www/img/weather/13.png ... 
2018-05-03 00:20:54 +0000  5163 bytes for ./www/img/weather/13.png
2018-05-03 00:20:54 +0000  copying file ./www/img/weather/14.png ... 
2018-05-03 00:20:54 +0000  5406 bytes for ./www/img/weather/14.png
2018-05-03 00:20:54 +0000  copying file ./www/img/weather/15.png ... 
2018-05-03 00:20:54 +0000  6085 bytes for ./www/img/weather/15.png
2018-05-03 00:20:54 +0000  copying file ./www/img/weather/2.png ... 
2018-05-03 00:20:54 +0000  5764 bytes for ./www/img/weather/2.png
2018-05-03 00:20:54 +0000  copying file ./www/img/weather/3.png ... 
2018-05-03 00:20:54 +0000  5516 bytes for ./www/img/weather/3.png
2018-05-03 00:20:54 +0000  copying file ./www/img/weather/4.png ... 
2018-05-03 00:20:54 +0000  5316 bytes for ./www/img/weather/4.png
2018-05-03 00:20:54 +0000  copying file ./www/img/weather/5.png ... 
2018-05-03 00:20:54 +0000  4929 bytes for ./www/img/weather/5.png
2018-05-03 00:20:54 +0000  copying file ./www/img/weather/6.png ... 
2018-05-03 00:20:54 +0000  4867 bytes for ./www/img/weather/6.png
2018-05-03 00:20:54 +0000  copying file ./www/img/weather/7.png ... 
2018-05-03 00:20:54 +0000  3435 bytes for ./www/img/weather/7.png
2018-05-03 00:20:54 +0000  copying file ./www/img/weather/8.png ... 
2018-05-03 00:20:54 +0000  5513 bytes for ./www/img/weather/8.png
2018-05-03 00:20:54 +0000  copying file ./www/img/weather/9.png ... 
2018-05-03 00:20:54 +0000  6071 bytes for ./www/img/weather/9.png
2018-05-03 00:20:54 +0000  copying file ./www/img/weather/http___localhost_8080_ är inte tillgängligt.html ... 
2018-05-03 00:20:54 +0000  157591 bytes for ./www/img/weather/http___localhost_8080_ är inte tillgängligt.html
2018-05-03 00:20:54 +0000  copying file ./www/img/weather/nearly-clear-sky.png ... 
2018-05-03 00:20:54 +0000  5764 bytes for ./www/img/weather/nearly-clear-sky.png
2018-05-03 00:20:54 +0000  copying file ./www/img/weather/sun.png ... 
2018-05-03 00:20:54 +0000  4585 bytes for ./www/img/weather/sun.png
2018-05-03 00:20:54 +0000  copying file ./www/index.html ... 
2018-05-03 00:20:54 +0000  2643 bytes for ./www/index.html
2018-05-03 00:20:54 +0000  copying file ./www/js/app.4cdf98106c5ef1501725.js ... 
2018-05-03 00:20:54 +0000  151396 bytes for ./www/js/app.4cdf98106c5ef1501725.js
2018-05-03 00:20:54 +0000  copying file ./www/js/app.4cdf98106c5ef1501725.js.map ... 
2018-05-03 00:20:54 +0000  433981 bytes for ./www/js/app.4cdf98106c5ef1501725.js.map
2018-05-03 00:20:54 +0000  copying file ./www/js/manifest.1d3ef516af2ad34dac17.js ... 
2018-05-03 00:20:54 +0000  1505 bytes for ./www/js/manifest.1d3ef516af2ad34dac17.js
2018-05-03 00:20:54 +0000  copying file ./www/js/manifest.1d3ef516af2ad34dac17.js.map ... 
2018-05-03 00:20:54 +0000  14568 bytes for ./www/js/manifest.1d3ef516af2ad34dac17.js.map
copying file ./www/js/vendor.ded21e8151315ac80bfc.js ... 
2018-05-03 00:20:54 +0000  1060552 bytes for ./www/js/vendor.ded21e8151315ac80bfc.js
2018-05-03 00:20:54 +0000  copying file ./www/js/vendor.ded21e8151315ac80bfc.js.map ... 
2018-05-03 00:20:54 +0000  4982825 bytes for ./www/js/vendor.ded21e8151315ac80bfc.js.map
2018-05-03 00:20:54 +0000  copying file ./www/manifest.json ... 
434 bytes for ./www/manifest.json
2018-05-03 00:20:54 +0000  copying file ./www/plugins/cordova-plugin-ble-central/www/ble.js ... 
2018-05-03 00:20:54 +0000  9063 bytes for ./www/plugins/cordova-plugin-ble-central/www/ble.js
2018-05-03 00:20:54 +0000  copying file ./www/plugins/cordova-plugin-device/www/device.js ... 
2018-05-03 00:20:54 +0000  3070 bytes for ./www/plugins/cordova-plugin-device/www/device.js
2018-05-03 00:20:54 +0000  copying file ./www/plugins/cordova-plugin-statusbar/www/statusbar.js ... 
2018-05-03 00:20:54 +0000  3376 bytes for ./www/plugins/cordova-plugin-statusbar/www/statusbar.js
2018-05-03 00:20:54 +0000  copying file ./www/service-worker.js ... 
2018-05-03 00:20:54 +0000  2782 bytes for ./www/service-worker.js
2018-05-03 00:20:54 +0000  /usr/bin/ditto exited with 0
2018-05-03 00:20:54 +0000  Processing step: IDEDistributionEmbedProfileStep
2018-05-03 00:20:54 +0000  Processing step: IDEDistributionAppThinningPlistStep
2018-05-03 00:20:54 +0000  Skipping step: IDEDistributionAppThinningPlistStep because it said so
2018-05-03 00:20:54 +0000  Processing step: IDEDistributionCompileBitcodeStep
2018-05-03 00:20:54 +0000  Skipping step: IDEDistributionCompileBitcodeStep because it said so
2018-05-03 00:20:54 +0000  Processing step: IDEDistributionCodeSlimmingStep
2018-05-03 00:20:54 +0000  Processing step: IDEDistributionCopyBCSymbolMapsStep
2018-05-03 00:20:54 +0000  Skipping step: IDEDistributionCopyBCSymbolMapsStep because it said so
2018-05-03 00:20:54 +0000  Processing step: IDEDistributionSymbolsStep
2018-05-03 00:20:54 +0000  Skipping step: IDEDistributionSymbolsStep because it said so
2018-05-03 00:20:54 +0000  Processing step: IDEDistributionAppThinningStep
2018-05-03 00:20:54 +0000  Skipping step: IDEDistributionAppThinningStep because it said so
2018-05-03 00:20:54 +0000  Processing step: IDEDistributionODRStep
2018-05-03 00:20:54 +0000  Processing step: IDEDistributionStripXattrsStep
2018-05-03 00:20:54 +0000  Running /usr/bin/xattr '-crs' '/var/folders/c0/_xd_ys3d3cd59kn8f9yt45y00000gn/T/XcodeDistPipeline.00Q/Root/Payload/sea-pilot-app.app'
2018-05-03 00:20:54 +0000  /usr/bin/xattr exited with 0
2018-05-03 00:20:54 +0000  Processing step: IDEDistributionCodesignStep
2018-05-03 00:20:54 +0000  Applying entitlements delta for <IDEDistributionItem: 0x7fe5beff20f0 'io.sunker.sea-pilot-app' '<DVTFilePath:0x7fe5c3f45690:'/Users/eriksundell/Library/Developer/Xcode/Archives/2018-05-03/sea-pilot-app 2018-05-03 02.16.xcarchive/Products/Applications/sea-pilot-app.app'>'> from <IDEiCloudEntitlementsProcessor: 0x7fe5c767aab0>: {
}
2018-05-03 00:20:54 +0000  Entitlements for <IDEDistributionItem: 0x7fe5beff20f0 'io.sunker.sea-pilot-app' '<DVTFilePath:0x7fe5c3f45690:'/Users/eriksundell/Library/Developer/Xcode/Archives/2018-05-03/sea-pilot-app 2018-05-03 02.16.xcarchive/Products/Applications/sea-pilot-app.app'>'>: {
    "application-identifier" = "NRNTNSEDXC.io.sunker.sea-pilot-app";
    "com.apple.developer.team-identifier" = NRNTNSEDXC;
    "get-task-allow" = 0;
}
2018-05-03 00:20:54 +0000  Writing entitlements for <IDEDistributionItem: 0x7fe5beff20f0 'io.sunker.sea-pilot-app' '<DVTFilePath:0x7fe5c3f45690:'/Users/eriksundell/Library/Developer/Xcode/Archives/2018-05-03/sea-pilot-app 2018-05-03 02.16.xcarchive/Products/Applications/sea-pilot-app.app'>'> to: /var/folders/c0/_xd_ys3d3cd59kn8f9yt45y00000gn/T/XcodeDistPipeline.00Q/entitlementsdDX7c9
2018-05-03 00:20:54 +0000  Running /usr/bin/codesign '-vvv' '--force' '--sign' '062FA440FB08131511550754EF9772EDD0704436' '--preserve-metadata=identifier,flags' '--entitlements' '/var/folders/c0/_xd_ys3d3cd59kn8f9yt45y00000gn/T/XcodeDistPipeline.00Q/entitlementsdDX7c9' '/var/folders/c0/_xd_ys3d3cd59kn8f9yt45y00000gn/T/XcodeDistPipeline.00Q/Root/Payload/sea-pilot-app.app'
2018-05-03 00:20:55 +0000  /var/folders/c0/_xd_ys3d3cd59kn8f9yt45y00000gn/T/XcodeDistPipeline.00Q/Root/Payload/sea-pilot-app.app: replacing existing signature
2018-05-03 00:20:57 +0000  /var/folders/c0/_xd_ys3d3cd59kn8f9yt45y00000gn/T/XcodeDistPipeline.00Q/Root/Payload/sea-pilot-app.app: signed app bundle with Mach-O thin (arm64) [io.sunker.sea-pilot-app]
2018-05-03 00:20:57 +0000  /usr/bin/codesign exited with 0
2018-05-03 00:20:57 +0000  Processing step: IDEDistributionStreamingZipItemStep
2018-05-03 00:20:57 +0000  Skipping step: IDEDistributionStreamingZipItemStep because it said so
2018-05-03 00:20:57 +0000  Processing step: IDEDistributionCreateIPAStep
2018-05-03 00:20:57 +0000  Running /usr/bin/ditto '-V' '-c' '-k' '--norsrc' '/var/folders/c0/_xd_ys3d3cd59kn8f9yt45y00000gn/T/XcodeDistPipeline.00Q/Root' '/var/folders/c0/_xd_ys3d3cd59kn8f9yt45y00000gn/T/XcodeDistPipeline.00Q/Packages/sea-pilot-app.ipa'
2018-05-03 00:20:57 +0000  >>> Copying /var/folders/c0/_xd_ys3d3cd59kn8f9yt45y00000gn/T/XcodeDistPipeline.00Q/Root 
2018-05-03 00:20:57 +0000  copying file ./Payload/sea-pilot-app.app/_CodeSignature/CodeResources ... 
2018-05-03 00:20:57 +0000  27901 bytes for ./Payload/sea-pilot-app.app/_CodeSignature/CodeResources
2018-05-03 00:20:57 +0000  copying file ./Payload/sea-pilot-app.app/AppIcon60x60@2x.png ... 
2018-05-03 00:20:57 +0000  14152 bytes for ./Payload/sea-pilot-app.app/AppIcon60x60@2x.png
2018-05-03 00:20:57 +0000  copying file ./Payload/sea-pilot-app.app/AppIcon76x76@2x~ipad.png ... 
2018-05-03 00:20:57 +0000  16629 bytes for ./Payload/sea-pilot-app.app/AppIcon76x76@2x~ipad.png
copying file ./Payload/sea-pilot-app.app/archived-expanded-entitlements.xcent ... 
2018-05-03 00:20:57 +0000  181 bytes for ./Payload/sea-pilot-app.app/archived-expanded-entitlements.xcent
copying file ./Payload/sea-pilot-app.app/Assets.car ... 
2018-05-03 00:20:57 +0000  213192 bytes for ./Payload/sea-pilot-app.app/Assets.car
2018-05-03 00:20:57 +0000  copying file ./Payload/sea-pilot-app.app/CDVLaunchScreen.storyboardc/01J-lp-oVM-view-Ze5-6b-2t3.nib ... 
2018-05-03 00:20:57 +0000  2283 bytes for ./Payload/sea-pilot-app.app/CDVLaunchScreen.storyboardc/01J-lp-oVM-view-Ze5-6b-2t3.nib
2018-05-03 00:20:57 +0000  copying file ./Payload/sea-pilot-app.app/CDVLaunchScreen.storyboardc/Info.plist ... 
258 bytes for ./Payload/sea-pilot-app.app/CDVLaunchScreen.storyboardc/Info.plist
copying file ./Payload/sea-pilot-app.app/CDVLaunchScreen.storyboardc/UIViewController-01J-lp-oVM.nib ... 
2018-05-03 00:20:57 +0000  832 bytes for ./Payload/sea-pilot-app.app/CDVLaunchScreen.storyboardc/UIViewController-01J-lp-oVM.nib
copying file ./Payload/sea-pilot-app.app/config.xml ... 
2893 bytes for ./Payload/sea-pilot-app.app/config.xml
copying file ./Payload/sea-pilot-app.app/embedded.mobileprovision ... 
2018-05-03 00:20:57 +0000  7681 bytes for ./Payload/sea-pilot-app.app/embedded.mobileprovision
2018-05-03 00:20:57 +0000  copying file ./Payload/sea-pilot-app.app/Info.plist ... 
2018-05-03 00:20:57 +0000  2067 bytes for ./Payload/sea-pilot-app.app/Info.plist
copying file ./Payload/sea-pilot-app.app/LaunchImage-568h@2x.png ... 
2018-05-03 00:20:57 +0000  61990 bytes for ./Payload/sea-pilot-app.app/LaunchImage-568h@2x.png
2018-05-03 00:20:57 +0000  copying file ./Payload/sea-pilot-app.app/LaunchImage-700-568h@2x.png ... 
2018-05-03 00:20:57 +0000  61990 bytes for ./Payload/sea-pilot-app.app/LaunchImage-700-568h@2x.png
copying file ./Payload/sea-pilot-app.app/LaunchImage-700-Landscape@2x~ipad.png ... 
2018-05-03 00:20:57 +0000  161722 bytes for ./Payload/sea-pilot-app.app/LaunchImage-700-Landscape@2x~ipad.png
copying file ./Payload/sea-pilot-app.app/LaunchImage-700-Landscape~ipad.png ... 
2018-05-03 00:20:57 +0000  76512 bytes for ./Payload/sea-pilot-app.app/LaunchImage-700-Landscape~ipad.png
2018-05-03 00:20:57 +0000  copying file ./Payload/sea-pilot-app.app/LaunchImage-700-Portrait@2x~ipad.png ... 
2018-05-03 00:20:57 +0000  154923 bytes for ./Payload/sea-pilot-app.app/LaunchImage-700-Portrait@2x~ipad.png
copying file ./Payload/sea-pilot-app.app/LaunchImage-700-Portrait~ipad.png ... 
2018-05-03 00:20:57 +0000  74890 bytes for ./Payload/sea-pilot-app.app/LaunchImage-700-Portrait~ipad.png
copying file ./Payload/sea-pilot-app.app/LaunchImage-700@2x.png ... 
2018-05-03 00:20:57 +0000  55319 bytes for ./Payload/sea-pilot-app.app/LaunchImage-700@2x.png
copying file ./Payload/sea-pilot-app.app/LaunchImage-800-667h@2x.png ... 
2018-05-03 00:20:57 +0000  52100 bytes for ./Payload/sea-pilot-app.app/LaunchImage-800-667h@2x.png
copying file ./Payload/sea-pilot-app.app/LaunchImage-800-Landscape-736h@3x.png ... 
2018-05-03 00:20:57 +0000  63597 bytes for ./Payload/sea-pilot-app.app/LaunchImage-800-Landscape-736h@3x.png
copying file ./Payload/sea-pilot-app.app/LaunchImage-800-Portrait-736h@3x.png ... 
2018-05-03 00:20:57 +0000  62285 bytes for ./Payload/sea-pilot-app.app/LaunchImage-800-Portrait-736h@3x.png
2018-05-03 00:20:57 +0000  copying file ./Payload/sea-pilot-app.app/LaunchImage-Landscape@2x~ipad.png ... 
2018-05-03 00:20:57 +0000  161722 bytes for ./Payload/sea-pilot-app.app/LaunchImage-Landscape@2x~ipad.png
copying file ./Payload/sea-pilot-app.app/LaunchImage-Landscape~ipad.png ... 
2018-05-03 00:20:57 +0000  76512 bytes for ./Payload/sea-pilot-app.app/LaunchImage-Landscape~ipad.png
copying file ./Payload/sea-pilot-app.app/LaunchImage-Portrait@2x~ipad.png ... 
2018-05-03 00:20:57 +0000  154923 bytes for ./Payload/sea-pilot-app.app/LaunchImage-Portrait@2x~ipad.png
copying file ./Payload/sea-pilot-app.app/LaunchImage-Portrait~ipad.png ... 
2018-05-03 00:20:57 +0000  74890 bytes for ./Payload/sea-pilot-app.app/LaunchImage-Portrait~ipad.png
copying file ./Payload/sea-pilot-app.app/LaunchImage.png ... 
2018-05-03 00:20:57 +0000  20021 bytes for ./Payload/sea-pilot-app.app/LaunchImage.png
copying file ./Payload/sea-pilot-app.app/LaunchImage@2x.png ... 
2018-05-03 00:20:57 +0000  55319 bytes for ./Payload/sea-pilot-app.app/LaunchImage@2x.png
2018-05-03 00:20:57 +0000  copying file ./Payload/sea-pilot-app.app/MainViewController.nib ... 
943 bytes for ./Payload/sea-pilot-app.app/MainViewController.nib
copying file ./Payload/sea-pilot-app.app/PkgInfo ... 
8 bytes for ./Payload/sea-pilot-app.app/PkgInfo
2018-05-03 00:20:57 +0000  copying file ./Payload/sea-pilot-app.app/sea-pilot-app ... 
2018-05-03 00:20:57 +0000  274400 bytes for ./Payload/sea-pilot-app.app/sea-pilot-app
2018-05-03 00:20:57 +0000  copying file ./Payload/sea-pilot-app.app/www/cordova-js-src/exec.js ... 
2018-05-03 00:20:57 +0000  8877 bytes for ./Payload/sea-pilot-app.app/www/cordova-js-src/exec.js
2018-05-03 00:20:57 +0000  copying file ./Payload/sea-pilot-app.app/www/cordova-js-src/platform.js ... 
1168 bytes for ./Payload/sea-pilot-app.app/www/cordova-js-src/platform.js
2018-05-03 00:20:57 +0000  copying file ./Payload/sea-pilot-app.app/www/cordova-js-src/plugin/ios/console.js ... 
2018-05-03 00:20:57 +0000  6822 bytes for ./Payload/sea-pilot-app.app/www/cordova-js-src/plugin/ios/console.js
2018-05-03 00:20:57 +0000  copying file ./Payload/sea-pilot-app.app/www/cordova-js-src/plugin/ios/logger.js ... 
2018-05-03 00:20:57 +0000  10233 bytes for ./Payload/sea-pilot-app.app/www/cordova-js-src/plugin/ios/logger.js
2018-05-03 00:20:57 +0000  copying file ./Payload/sea-pilot-app.app/www/cordova.js ... 
2018-05-03 00:20:57 +0000  78044 bytes for ./Payload/sea-pilot-app.app/www/cordova.js
copying file ./Payload/sea-pilot-app.app/www/cordova_plugins.js ... 
2018-05-03 00:20:57 +0000  1004 bytes for ./Payload/sea-pilot-app.app/www/cordova_plugins.js
copying file ./Payload/sea-pilot-app.app/www/css/app.954b79aa9a6109c975e54aebc0d68e2e.css ... 
2018-05-03 00:20:57 +0000  253417 bytes for ./Payload/sea-pilot-app.app/www/css/app.954b79aa9a6109c975e54aebc0d68e2e.css
copying file ./Payload/sea-pilot-app.app/www/css/app.954b79aa9a6109c975e54aebc0d68e2e.css.map ... 
2018-05-03 00:20:57 +0000  423946 bytes for ./Payload/sea-pilot-app.app/www/css/app.954b79aa9a6109c975e54aebc0d68e2e.css.map
2018-05-03 00:20:57 +0000  copying file ./Payload/sea-pilot-app.app/www/img/icons/android-chrome-192x192.png ... 
2018-05-03 00:20:57 +0000  15624 bytes for ./Payload/sea-pilot-app.app/www/img/icons/android-chrome-192x192.png
2018-05-03 00:20:57 +0000  copying file ./Payload/sea-pilot-app.app/www/img/icons/android-chrome-512x512.png ... 
2018-05-03 00:20:57 +0000  70697 bytes for ./Payload/sea-pilot-app.app/www/img/icons/android-chrome-512x512.png
copying file ./Payload/sea-pilot-app.app/www/img/icons/android-chrome-96x96.png ... 
4709 bytes for ./Payload/sea-pilot-app.app/www/img/icons/android-chrome-96x96.png
copying file ./Payload/sea-pilot-app.app/www/img/icons/apple-touch-icon-120x120.png ... 
2018-05-03 00:20:57 +0000  4297 bytes for ./Payload/sea-pilot-app.app/www/img/icons/apple-touch-icon-120x120.png
2018-05-03 00:20:57 +0000  copying file ./Payload/sea-pilot-app.app/www/img/icons/apple-touch-icon-152x152.png ... 
2018-05-03 00:20:57 +0000  5627 bytes for ./Payload/sea-pilot-app.app/www/img/icons/apple-touch-icon-152x152.png
2018-05-03 00:20:57 +0000  copying file ./Payload/sea-pilot-app.app/www/img/icons/apple-touch-icon-180x180.png ... 
2018-05-03 00:20:57 +0000  6624 bytes for ./Payload/sea-pilot-app.app/www/img/icons/apple-touch-icon-180x180.png
2018-05-03 00:20:57 +0000  copying file ./Payload/sea-pilot-app.app/www/img/icons/apple-touch-icon-60x60.png ... 
2076 bytes for ./Payload/sea-pilot-app.app/www/img/icons/apple-touch-icon-60x60.png
copying file ./Payload/sea-pilot-app.app/www/img/icons/apple-touch-icon-76x76.png ... 
2391 bytes for ./Payload/sea-pilot-app.app/www/img/icons/apple-touch-icon-76x76.png
copying file ./Payload/sea-pilot-app.app/www/img/icons/apple-touch-icon.png ... 
2018-05-03 00:20:57 +0000  7205 bytes for ./Payload/sea-pilot-app.app/www/img/icons/apple-touch-icon.png
copying file ./Payload/sea-pilot-app.app/www/img/icons/favicon-16x16.png ... 
2018-05-03 00:20:57 +0000  1166 bytes for ./Payload/sea-pilot-app.app/www/img/icons/favicon-16x16.png
copying file ./Payload/sea-pilot-app.app/www/img/icons/favicon-32x32.png ... 
1608 bytes for ./Payload/sea-pilot-app.app/www/img/icons/favicon-32x32.png
2018-05-03 00:20:57 +0000  copying file ./Payload/sea-pilot-app.app/www/img/icons/favicon.ico ... 
2018-05-03 00:20:57 +0000  15086 bytes for ./Payload/sea-pilot-app.app/www/img/icons/favicon.ico
copying file ./Payload/sea-pilot-app.app/www/img/icons/msapplication-icon-144x144.png ... 
2018-05-03 00:20:57 +0000  9122 bytes for ./Payload/sea-pilot-app.app/www/img/icons/msapplication-icon-144x144.png
2018-05-03 00:20:57 +0000  copying file ./Payload/sea-pilot-app.app/www/img/icons/mstile-150x150.png ... 
2018-05-03 00:20:57 +0000  7641 bytes for ./Payload/sea-pilot-app.app/www/img/icons/mstile-150x150.png
copying file ./Payload/sea-pilot-app.app/www/img/icons/safari-pinned-tab.svg ... 
2018-05-03 00:20:57 +0000  1288 bytes for ./Payload/sea-pilot-app.app/www/img/icons/safari-pinned-tab.svg
2018-05-03 00:20:57 +0000  copying file ./Payload/sea-pilot-app.app/www/img/v.png ... 
2018-05-03 00:20:57 +0000  5674 bytes for ./Payload/sea-pilot-app.app/www/img/v.png
2018-05-03 00:20:57 +0000  copying file ./Payload/sea-pilot-app.app/www/img/weather/1.png ... 
4585 bytes for ./Payload/sea-pilot-app.app/www/img/weather/1.png
copying file ./Payload/sea-pilot-app.app/www/img/weather/10.png ... 
2018-05-03 00:20:57 +0000  5869 bytes for ./Payload/sea-pilot-app.app/www/img/weather/10.png
copying file ./Payload/sea-pilot-app.app/www/img/weather/11.png ... 
2018-05-03 00:20:57 +0000  6277 bytes for ./Payload/sea-pilot-app.app/www/img/weather/11.png
2018-05-03 00:20:57 +0000  copying file ./Payload/sea-pilot-app.app/www/img/weather/12.png ... 
2018-05-03 00:20:57 +0000  4616 bytes for ./Payload/sea-pilot-app.app/www/img/weather/12.png
2018-05-03 00:20:57 +0000  copying file ./Payload/sea-pilot-app.app/www/img/weather/13.png ... 
2018-05-03 00:20:57 +0000  5163 bytes for ./Payload/sea-pilot-app.app/www/img/weather/13.png
copying file ./Payload/sea-pilot-app.app/www/img/weather/14.png ... 
5406 bytes for ./Payload/sea-pilot-app.app/www/img/weather/14.png
copying file ./Payload/sea-pilot-app.app/www/img/weather/15.png ... 
2018-05-03 00:20:57 +0000  6085 bytes for ./Payload/sea-pilot-app.app/www/img/weather/15.png
2018-05-03 00:20:57 +0000  copying file ./Payload/sea-pilot-app.app/www/img/weather/2.png ... 
2018-05-03 00:20:57 +0000  5764 bytes for ./Payload/sea-pilot-app.app/www/img/weather/2.png
2018-05-03 00:20:57 +0000  copying file ./Payload/sea-pilot-app.app/www/img/weather/3.png ... 
2018-05-03 00:20:57 +0000  5516 bytes for ./Payload/sea-pilot-app.app/www/img/weather/3.png
2018-05-03 00:20:57 +0000  copying file ./Payload/sea-pilot-app.app/www/img/weather/4.png ... 
2018-05-03 00:20:57 +0000  5316 bytes for ./Payload/sea-pilot-app.app/www/img/weather/4.png
2018-05-03 00:20:57 +0000  copying file ./Payload/sea-pilot-app.app/www/img/weather/5.png ... 
2018-05-03 00:20:57 +0000  4929 bytes for ./Payload/sea-pilot-app.app/www/img/weather/5.png
2018-05-03 00:20:57 +0000  copying file ./Payload/sea-pilot-app.app/www/img/weather/6.png ... 
2018-05-03 00:20:57 +0000  4867 bytes for ./Payload/sea-pilot-app.app/www/img/weather/6.png
2018-05-03 00:20:57 +0000  copying file ./Payload/sea-pilot-app.app/www/img/weather/7.png ... 
2018-05-03 00:20:57 +0000  3435 bytes for ./Payload/sea-pilot-app.app/www/img/weather/7.png
copying file ./Payload/sea-pilot-app.app/www/img/weather/8.png ... 
2018-05-03 00:20:57 +0000  5513 bytes for ./Payload/sea-pilot-app.app/www/img/weather/8.png
copying file ./Payload/sea-pilot-app.app/www/img/weather/9.png ... 
2018-05-03 00:20:57 +0000  6071 bytes for ./Payload/sea-pilot-app.app/www/img/weather/9.png
copying file ./Payload/sea-pilot-app.app/www/img/weather/http___localhost_8080_ är inte tillgängligt.html ... 
2018-05-03 00:20:57 +0000  157591 bytes for ./Payload/sea-pilot-app.app/www/img/weather/http___localhost_8080_ är inte tillgängligt.html
copying file ./Payload/sea-pilot-app.app/www/img/weather/nearly-clear-sky.png ... 
2018-05-03 00:20:57 +0000  5764 bytes for ./Payload/sea-pilot-app.app/www/img/weather/nearly-clear-sky.png
copying file ./Payload/sea-pilot-app.app/www/img/weather/sun.png ... 
2018-05-03 00:20:57 +0000  4585 bytes for ./Payload/sea-pilot-app.app/www/img/weather/sun.png
copying file ./Payload/sea-pilot-app.app/www/index.html ... 
2643 bytes for ./Payload/sea-pilot-app.app/www/index.html
copying file ./Payload/sea-pilot-app.app/www/js/app.4cdf98106c5ef1501725.js ... 
2018-05-03 00:20:57 +0000  151396 bytes for ./Payload/sea-pilot-app.app/www/js/app.4cdf98106c5ef1501725.js
copying file ./Payload/sea-pilot-app.app/www/js/app.4cdf98106c5ef1501725.js.map ... 
2018-05-03 00:20:57 +0000  433981 bytes for ./Payload/sea-pilot-app.app/www/js/app.4cdf98106c5ef1501725.js.map
copying file ./Payload/sea-pilot-app.app/www/js/manifest.1d3ef516af2ad34dac17.js ... 
2018-05-03 00:20:57 +0000  1505 bytes for ./Payload/sea-pilot-app.app/www/js/manifest.1d3ef516af2ad34dac17.js
copying file ./Payload/sea-pilot-app.app/www/js/manifest.1d3ef516af2ad34dac17.js.map ... 
2018-05-03 00:20:57 +0000  14568 bytes for ./Payload/sea-pilot-app.app/www/js/manifest.1d3ef516af2ad34dac17.js.map
2018-05-03 00:20:57 +0000  copying file ./Payload/sea-pilot-app.app/www/js/vendor.ded21e8151315ac80bfc.js ... 
2018-05-03 00:20:57 +0000  1060552 bytes for ./Payload/sea-pilot-app.app/www/js/vendor.ded21e8151315ac80bfc.js
copying file ./Payload/sea-pilot-app.app/www/js/vendor.ded21e8151315ac80bfc.js.map ... 
2018-05-03 00:20:58 +0000  4982825 bytes for ./Payload/sea-pilot-app.app/www/js/vendor.ded21e8151315ac80bfc.js.map
2018-05-03 00:20:58 +0000  copying file ./Payload/sea-pilot-app.app/www/manifest.json ... 
434 bytes for ./Payload/sea-pilot-app.app/www/manifest.json
copying file ./Payload/sea-pilot-app.app/www/plugins/cordova-plugin-ble-central/www/ble.js ... 
9063 bytes for ./Payload/sea-pilot-app.app/www/plugins/cordova-plugin-ble-central/www/ble.js
copying file ./Payload/sea-pilot-app.app/www/plugins/cordova-plugin-device/www/device.js ... 
3070 bytes for ./Payload/sea-pilot-app.app/www/plugins/cordova-plugin-device/www/device.js
copying file ./Payload/sea-pilot-app.app/www/plugins/cordova-plugin-statusbar/www/statusbar.js ... 
3376 bytes for ./Payload/sea-pilot-app.app/www/plugins/cordova-plugin-statusbar/www/statusbar.js
copying file ./Payload/sea-pilot-app.app/www/service-worker.js ... 
2782 bytes for ./Payload/sea-pilot-app.app/www/service-worker.js
2018-05-03 00:20:58 +0000  /usr/bin/ditto exited with 0
2018-05-03 00:20:58 +0000  Processing step: IDEDistributionCreateManifestStep
